<?xml version="1.0" encoding="UTF-8"?>
<!-- Generated by org.testng.reporters.JUnitReportReporter -->
<testsuite hostname="DESKTOP-GH8EBEI" failures="0" tests="1" name="testngstudy.testng1" time="19.828" errors="0" timestamp="2024-06-13T17:15:42 IST" skipped="0">
  <testcase classname="testngstudy.testng1" name="test" time="19.828"/>
  <system-out/>
</testsuite> <!-- testngstudy.testng1 -->
