<?xml version="1.0" encoding="UTF-8"?>
<!-- Generated by org.testng.reporters.JUnitReportReporter -->
<testsuite hostname="DESKTOP-GH8EBEI" failures="0" tests="1" name="testngstudy.testng" time="20.745" errors="0" timestamp="2024-06-13T17:10:26 IST" skipped="0">
  <testcase classname="testngstudy.testng" name="test1" time="20.745"/>
  <system-out/>
</testsuite> <!-- testngstudy.testng -->
