<?xml version="1.0" encoding="UTF-8"?>
<!-- Generated by org.testng.reporters.JUnitReportReporter -->
<testsuite hostname="DESKTOP-GH8EBEI" failures="0" tests="1" name="testNGstudy1.ExpandTesting" time="25.895" errors="0" timestamp="2025-02-19T22:40:40 IST" skipped="0">
  <testcase classname="testNGstudy1.ExpandTesting" name="expandTesting" time="25.895"/>
  <system-out/>
</testsuite> <!-- testNGstudy1.ExpandTesting -->
