<?xml version="1.0" encoding="UTF-8"?>
<!-- Generated by org.testng.reporters.JUnitReportReporter -->
<testsuite hostname="DESKTOP-GH8EBEI" failures="0" tests="1" name="testNGstudy1.Flipkart" time="18.942" errors="0" timestamp="2025-02-19T13:28:49 IST" skipped="0">
  <testcase classname="testNGstudy1.Flipkart" name="flipkartTest" time="18.942"/>
  <system-out/>
</testsuite> <!-- testNGstudy1.Flipkart -->
